[debug] [2021-08-07T14:37:38.877Z] ----------------------------------------------------------------------
[debug] [2021-08-07T14:37:38.878Z] Command:       /opt/homebrew/Cellar/node/16.0.0_1/bin/node /opt/homebrew/bin/firebase init
[debug] [2021-08-07T14:37:38.878Z] CLI Version:   9.14.0
[debug] [2021-08-07T14:37:38.878Z] Platform:      darwin
[debug] [2021-08-07T14:37:38.878Z] Node Version:  v16.0.0
[debug] [2021-08-07T14:37:38.879Z] Time:          Sat Aug 07 2021 17:37:38 GMT+0300 (Israel Daylight Time)
[debug] [2021-08-07T14:37:38.879Z] ----------------------------------------------------------------------
[debug] 
[debug] [2021-08-07T14:37:38.882Z] > command requires scopes: ["email","openid","https://www.googleapis.com/auth/cloudplatformprojects.readonly","https://www.googleapis.com/auth/firebase","https://www.googleapis.com/auth/cloud-platform"]
[debug] [2021-08-07T14:37:38.882Z] > authorizing via signed-in user (segevitsky@gmail.com)
[info] 
     ######## #### ########  ######## ########     ###     ######  ########
     ##        ##  ##     ## ##       ##     ##  ##   ##  ##       ##
     ######    ##  ########  ######   ########  #########  ######  ######
     ##        ##  ##    ##  ##       ##     ## ##     ##       ## ##
     ##       #### ##     ## ######## ########  ##     ##  ######  ########

You're about to initialize a Firebase project in this directory:

  /Users/segevshoval/WebstormProjects/our-app

Before we get started, keep in mind:

  * You are initializing within an existing Firebase project directory

[info] 
=== Project Setup
[info] 
[info] First, let's associate this project directory with a Firebase project.
[info] You can create multiple project aliases by running firebase use --add, 
[info] but for now we'll just set up a default project.
[info] 
[info] i  .firebaserc already has a default project, using our-app-81382. 
[debug] [2021-08-07T14:37:45.369Z] >>> [apiv2][query] GET https://firebase.googleapis.com/v1beta1/projects/our-app-81382 [none]
[debug] [2021-08-07T14:37:45.785Z] <<< [apiv2][status] GET https://firebase.googleapis.com/v1beta1/projects/our-app-81382 200
[debug] [2021-08-07T14:37:45.786Z] <<< [apiv2][body] GET https://firebase.googleapis.com/v1beta1/projects/our-app-81382 {"projectId":"our-app-81382","projectNumber":"904888926578","displayName":"our-app","name":"projects/our-app-81382","resources":{"hostingSite":"our-app-81382","realtimeDatabaseInstance":"our-app-81382-default-rtdb"},"state":"ACTIVE"}
[info] 
=== Hosting:github Setup
[info] 
[info] i  Detected a .git folder at /Users/segevshoval/WebstormProjects/our-app 
[info] i  Authorizing with GitHub to upload your service account to a GitHub repository's secrets store. 
[info] 
[info] Visit this URL on this device to log in:
[info] https://github.com/login/oauth/authorize?client_id=89cf50f02ac6aaed3484&state=847910523&redirect_uri=http%3A%2F%2Flocalhost%3A9005&scope=read%3Auser%20repo%20public_repo
[info] 
[info] Waiting for authentication...
[debug] [2021-08-07T14:37:46.491Z] >>> HTTP REQUEST POST https://github.com/login/oauth/access_token  
 {"client_id":"89cf50f02ac6aaed3484","client_secret":"3330d14abc895d9a74d5f17cd7a00711fa2c5bf0","code":"1608c5052b0c30d81b0a","redirect_uri":"http://localhost:9005","state":"847910523"}
[debug] [2021-08-07T14:37:46.825Z] <<< HTTP RESPONSE 200 {"server":"GitHub.com","date":"Sat, 07 Aug 2021 14:37:46 GMT","content-type":"application/json; charset=utf-8","transfer-encoding":"chunked","vary":"X-PJAX, Accept-Encoding, Accept, X-Requested-With","permissions-policy":"interest-cohort=()","etag":"W/\"a79da2e0122f9ae8a2df09a639b28e7c\"","cache-control":"max-age=0, private, must-revalidate","strict-transport-security":"max-age=31536000; includeSubdomains; preload","x-frame-options":"deny","x-content-type-options":"nosniff","x-xss-protection":"0","referrer-policy":"origin-when-cross-origin, strict-origin-when-cross-origin","expect-ct":"max-age=2592000, report-uri=\"https://api.github.com/_private/browser/errors\"","content-security-policy":"default-src 'none'; base-uri 'self'; block-all-mixed-content; connect-src 'self' uploads.github.com www.githubstatus.com collector.githubapp.com api.github.com github-cloud.s3.amazonaws.com github-production-repository-file-5c1aeb.s3.amazonaws.com github-production-upload-manifest-file-7fdce7.s3.amazonaws.com github-production-user-asset-6210df.s3.amazonaws.com cdn.optimizely.com logx.optimizely.com/v1/events translator.github.com wss://alive.github.com; font-src github.githubassets.com; form-action 'self' github.com gist.github.com; frame-ancestors 'none'; frame-src render.githubusercontent.com render-temp.githubusercontent.com viewscreen.githubusercontent.com; img-src 'self' data: github.githubassets.com identicons.github.com collector.githubapp.com github-cloud.s3.amazonaws.com secured-user-images.githubusercontent.com/ *.githubusercontent.com; manifest-src 'self'; media-src 'none'; script-src github.githubassets.com; style-src 'unsafe-inline' github.githubassets.com; worker-src github.com/socket-worker-3f088aa2.js gist.github.com/socket-worker-3f088aa2.js","x-github-request-id":"C00F:C8F7:1EADABB:1FEEB26:610E9ABA"}
[debug] [2021-08-07T14:37:46.827Z] >>> [apiv2][query] GET https://api.github.com/user [none]
[debug] [2021-08-07T14:37:47.204Z] <<< [apiv2][status] GET https://api.github.com/user 200
[debug] [2021-08-07T14:37:47.204Z] <<< [apiv2][body] GET https://api.github.com/user {"login":"segevitsky","id":49615265,"node_id":"MDQ6VXNlcjQ5NjE1MjY1","avatar_url":"https://avatars.githubusercontent.com/u/49615265?v=4","gravatar_id":"","url":"https://api.github.com/users/segevitsky","html_url":"https://github.com/segevitsky","followers_url":"https://api.github.com/users/segevitsky/followers","following_url":"https://api.github.com/users/segevitsky/following{/other_user}","gists_url":"https://api.github.com/users/segevitsky/gists{/gist_id}","starred_url":"https://api.github.com/users/segevitsky/starred{/owner}{/repo}","subscriptions_url":"https://api.github.com/users/segevitsky/subscriptions","organizations_url":"https://api.github.com/users/segevitsky/orgs","repos_url":"https://api.github.com/users/segevitsky/repos","events_url":"https://api.github.com/users/segevitsky/events{/privacy}","received_events_url":"https://api.github.com/users/segevitsky/received_events","type":"User","site_admin":false,"name":"Segev Shoval","company":null,"blog":"","location":"Rehovot, Israel","email":null,"hireable":null,"bio":"A Friendly man","twitter_username":null,"public_repos":23,"public_gists":0,"followers":0,"following":1,"created_at":"2019-04-14T14:36:01Z","updated_at":"2021-08-07T14:34:50Z","private_gists":0,"total_private_repos":1,"owned_private_repos":1,"disk_usage":126279,"collaborators":2,"two_factor_authentication":false,"plan":{"name":"free","space":976562499,"collaborators":0,"private_repos":10000}}
[info] 
[info] ✔  Success! Logged into GitHub as segevitsky 
[info] 
[debug] [2021-08-07T14:38:14.605Z] >>> [apiv2][query] GET https://api.github.com/repos/shkalimHadashim/actions/secrets/public-key type=owner
[debug] [2021-08-07T14:38:14.923Z] <<< [apiv2][status] GET https://api.github.com/repos/shkalimHadashim/actions/secrets/public-key 404
[debug] [2021-08-07T14:38:14.924Z] <<< [apiv2][body] GET https://api.github.com/repos/shkalimHadashim/actions/secrets/public-key {"message":"Not Found","documentation_url":"https://docs.github.com/rest"}
[debug] [2021-08-07T14:38:18.895Z] >>> [apiv2][query] GET https://api.github.com/repos/shkalimHadashim/actions/secrets/public-key type=owner
[debug] [2021-08-07T14:38:19.215Z] <<< [apiv2][status] GET https://api.github.com/repos/shkalimHadashim/actions/secrets/public-key 404
[debug] [2021-08-07T14:38:19.216Z] <<< [apiv2][body] GET https://api.github.com/repos/shkalimHadashim/actions/secrets/public-key {"message":"Not Found","documentation_url":"https://docs.github.com/rest"}
[debug] [2021-08-07T14:44:36.192Z] >>> [apiv2][query] GET https://api.github.com/repos//actions/secrets/public-key type=owner
[debug] [2021-08-07T14:44:36.375Z] >>> [apiv2][query] GET https://api.github.com/repos//actions/secrets/public-key type=owner
[debug] [2021-08-07T14:44:36.552Z] >>> [apiv2][query] GET https://api.github.com/repos//actions/secrets/public-key type=owner
[debug] [2021-08-07T14:44:36.606Z] <<< [apiv2][status] GET https://api.github.com/repos//actions/secrets/public-key 404
[debug] [2021-08-07T14:44:36.607Z] <<< [apiv2][body] GET https://api.github.com/repos//actions/secrets/public-key {"message":"Not Found","documentation_url":"https://docs.github.com/rest"}
[debug] [2021-08-07T14:44:36.676Z] <<< [apiv2][status] GET https://api.github.com/repos//actions/secrets/public-key 404
[debug] [2021-08-07T14:44:36.676Z] <<< [apiv2][body] GET https://api.github.com/repos//actions/secrets/public-key {"message":"Not Found","documentation_url":"https://docs.github.com/rest"}
[debug] [2021-08-07T14:44:36.864Z] <<< [apiv2][status] GET https://api.github.com/repos//actions/secrets/public-key 404
[debug] [2021-08-07T14:44:36.864Z] <<< [apiv2][body] GET https://api.github.com/repos//actions/secrets/public-key {"message":"Not Found","documentation_url":"https://docs.github.com/rest"}
[debug] [2021-08-07T14:44:37.459Z] >>> [apiv2][query] GET https://api.github.com/repos/qq/actions/secrets/public-key type=owner
[debug] [2021-08-07T14:44:37.772Z] <<< [apiv2][status] GET https://api.github.com/repos/qq/actions/secrets/public-key 404
[debug] [2021-08-07T14:44:37.772Z] <<< [apiv2][body] GET https://api.github.com/repos/qq/actions/secrets/public-key {"message":"Not Found","documentation_url":"https://docs.github.com/rest"}
[debug] [2021-08-07T14:44:41.282Z] >>> [apiv2][query] GET https://api.github.com/repos/exit/actions/secrets/public-key type=owner
[debug] [2021-08-07T14:44:41.587Z] >>> [apiv2][query] GET https://api.github.com/repos//actions/secrets/public-key type=owner
[debug] [2021-08-07T14:44:41.598Z] <<< [apiv2][status] GET https://api.github.com/repos/exit/actions/secrets/public-key 404
[debug] [2021-08-07T14:44:41.598Z] <<< [apiv2][body] GET https://api.github.com/repos/exit/actions/secrets/public-key {"message":"Not Found","documentation_url":"https://docs.github.com/rest"}
[debug] [2021-08-07T14:44:41.891Z] <<< [apiv2][status] GET https://api.github.com/repos//actions/secrets/public-key 404
[debug] [2021-08-07T14:44:41.892Z] <<< [apiv2][body] GET https://api.github.com/repos//actions/secrets/public-key {"message":"Not Found","documentation_url":"https://docs.github.com/rest"}
